{"/Users/danielfredriksen/Desktop/vivo/packages/components/.storybook/main.ts": {"path":"/Users/danielfredriksen/Desktop/vivo/packages/components/.storybook/main.ts","statementMap":{"0":{"start":{"line":2,"column":15},"end":{"line":16,"column":null}}},"fnMap":{},"branchMap":{},"s":{"0":0},"f":{},"b":{}}
,"/Users/danielfredriksen/Desktop/vivo/packages/components/.storybook/preview.ts": {"path":"/Users/danielfredriksen/Desktop/vivo/packages/components/.storybook/preview.ts","statementMap":{"0":{"start":{"line":2,"column":16},"end":{"line":12,"column":null}}},"fnMap":{},"branchMap":{},"s":{"0":0},"f":{},"b":{}}
,"/Users/danielfredriksen/Desktop/vivo/packages/components/src/theme.ts": {"path":"/Users/danielfredriksen/Desktop/vivo/packages/components/src/theme.ts","statementMap":{"0":{"start":{"line":21,"column":23},"end":{"line":77,"column":2}},"1":{"start":{"line":80,"column":38},"end":{"line":80,"column":66}},"2":{"start":{"line":81,"column":36},"end":{"line":81,"column":62}},"3":{"start":{"line":82,"column":37},"end":{"line":82,"column":65}},"4":{"start":{"line":85,"column":26},"end":{"line":85,"column":47}},"5":{"start":{"line":86,"column":25},"end":{"line":86,"column":47}},"6":{"start":{"line":88,"column":40},"end":{"line":88,"column":69}},"7":{"start":{"line":89,"column":31},"end":{"line":89,"column":60}},"8":{"start":{"line":90,"column":39},"end":{"line":90,"column":60}},"9":{"start":{"line":91,"column":29},"end":{"line":91,"column":37}},"10":{"start":{"line":92,"column":31},"end":{"line":92,"column":38}},"11":{"start":{"line":93,"column":29},"end":{"line":93,"column":36}},"12":{"start":{"line":94,"column":35},"end":{"line":94,"column":62}},"13":{"start":{"line":95,"column":39},"end":{"line":95,"column":67}},"14":{"start":{"line":96,"column":31},"end":{"line":96,"column":52}},"15":{"start":{"line":97,"column":36},"end":{"line":97,"column":57}},"16":{"start":{"line":100,"column":2},"end":{"line":100,"column":91}},"17":{"start":{"line":101,"column":45},"end":{"line":101,"column":64}},"18":{"start":{"line":102,"column":40},"end":{"line":102,"column":50}},"19":{"start":{"line":105,"column":40},"end":{"line":105,"column":62}},"20":{"start":{"line":106,"column":30},"end":{"line":106,"column":51}},"21":{"start":{"line":107,"column":29},"end":{"line":107,"column":51}},"22":{"start":{"line":109,"column":2},"end":{"line":109,"column":93}},"23":{"start":{"line":110,"column":34},"end":{"line":110,"column":55}},"24":{"start":{"line":111,"column":40},"end":{"line":111,"column":59}},"25":{"start":{"line":112,"column":32},"end":{"line":112,"column":53}},"26":{"start":{"line":113,"column":28},"end":{"line":113,"column":49}},"27":{"start":{"line":114,"column":34},"end":{"line":114,"column":61}},"28":{"start":{"line":116,"column":32},"end":{"line":116,"column":54}},"29":{"start":{"line":117,"column":32},"end":{"line":117,"column":70}},"30":{"start":{"line":119,"column":21},"end":{"line":378,"column":3}}},"fnMap":{},"branchMap":{},"s":{"0":0,"1":0,"2":0,"3":0,"4":0,"5":0,"6":0,"7":0,"8":0,"9":0,"10":0,"11":0,"12":0,"13":0,"14":0,"15":0,"16":0,"17":0,"18":0,"19":0,"20":0,"21":0,"22":0,"23":0,"24":0,"25":0,"26":0,"27":0,"28":0,"29":0,"30":0},"f":{},"b":{}}
,"/Users/danielfredriksen/Desktop/vivo/packages/components/src/Icons/index.ts": {"path":"/Users/danielfredriksen/Desktop/vivo/packages/components/src/Icons/index.ts","statementMap":{"0":{"start":{"line":5,"column":34},"end":{"line":5,"column":51}},"1":{"start":{"line":6,"column":25},"end":{"line":6,"column":34}}},"fnMap":{},"branchMap":{},"s":{"0":0,"1":0},"f":{},"b":{}}
,"/Users/danielfredriksen/Desktop/vivo/packages/components/src/VivoFilterBar/index.tsx": {"path":"/Users/danielfredriksen/Desktop/vivo/packages/components/src/VivoFilterBar/index.tsx","statementMap":{"0":{"start":{"line":18,"column":22},"end":{"line":55,"column":null}},"1":{"start":{"line":31,"column":48},"end":{"line":31,"column":null}},"2":{"start":{"line":34,"column":59},"end":{"line":34,"column":96}},"3":{"start":{"line":38,"column":57},"end":{"line":38,"column":94}},"4":{"start":{"line":49,"column":30},"end":{"line":49,"column":null}}},"fnMap":{"0":{"name":"(anonymous_0)","decl":{"start":{"line":18,"column":22},"end":{"line":18,"column":23}},"loc":{"start":{"line":25,"column":21},"end":{"line":55,"column":null}}},"1":{"name":"(anonymous_1)","decl":{"start":{"line":31,"column":29},"end":{"line":31,"column":30}},"loc":{"start":{"line":31,"column":48},"end":{"line":31,"column":null}}},"2":{"name":"(anonymous_2)","decl":{"start":{"line":34,"column":40},"end":{"line":34,"column":41}},"loc":{"start":{"line":34,"column":59},"end":{"line":34,"column":96}}},"3":{"name":"(anonymous_3)","decl":{"start":{"line":38,"column":38},"end":{"line":38,"column":39}},"loc":{"start":{"line":38,"column":57},"end":{"line":38,"column":94}}},"4":{"name":"(anonymous_4)","decl":{"start":{"line":49,"column":24},"end":{"line":49,"column":30}},"loc":{"start":{"line":49,"column":30},"end":{"line":49,"column":null}}}},"branchMap":{"0":{"loc":{"start":{"line":23,"column":2},"end":{"line":23,"column":13}},"type":"default-arg","locations":[{"start":{"line":23,"column":9},"end":{"line":23,"column":13}}]},"1":{"loc":{"start":{"line":29,"column":8},"end":{"line":37,"column":9}},"type":"cond-expr","locations":[{"start":{"line":29,"column":8},"end":{"line":37,"column":9}}]},"2":{"loc":{"start":{"line":47,"column":16},"end":{"line":47,"column":null}},"type":"cond-expr","locations":[{"start":{"line":47,"column":23},"end":{"line":47,"column":59}},{"start":{"line":47,"column":59},"end":{"line":47,"column":null}}]},"3":{"loc":{"start":{"line":48,"column":17},"end":{"line":48,"column":null}},"type":"cond-expr","locations":[{"start":{"line":48,"column":24},"end":{"line":48,"column":34}},{"start":{"line":48,"column":34},"end":{"line":48,"column":null}}]}},"s":{"0":0,"1":0,"2":0,"3":0,"4":0},"f":{"0":0,"1":0,"2":0,"3":0,"4":0},"b":{"0":[0],"1":[0],"2":[0,0],"3":[0,0]}}
,"/Users/danielfredriksen/Desktop/vivo/packages/components/src/VivoFilterBar/constants/index.tsx": {"path":"/Users/danielfredriksen/Desktop/vivo/packages/components/src/VivoFilterBar/constants/index.tsx","statementMap":{"0":{"start":{"line":1,"column":32},"end":{"line":18,"column":2}},"1":{"start":{"line":20,"column":28},"end":{"line":39,"column":2}},"2":{"start":{"line":41,"column":35},"end":{"line":46,"column":2}},"3":{"start":{"line":48,"column":27},"end":{"line":56,"column":2}},"4":{"start":{"line":58,"column":25},"end":{"line":66,"column":2}},"5":{"start":{"line":68,"column":27},"end":{"line":91,"column":2}},"6":{"start":{"line":93,"column":27},"end":{"line":108,"column":2}},"7":{"start":{"line":110,"column":34},"end":{"line":115,"column":2}}},"fnMap":{},"branchMap":{},"s":{"0":0,"1":0,"2":0,"3":0,"4":0,"5":0,"6":0,"7":0},"f":{},"b":{}}
,"/Users/danielfredriksen/Desktop/vivo/packages/components/src/VivoFilterBar/elements/ButtonFilter.tsx": {"path":"/Users/danielfredriksen/Desktop/vivo/packages/components/src/VivoFilterBar/elements/ButtonFilter.tsx","statementMap":{"0":{"start":{"line":10,"column":21},"end":{"line":16,"column":null}}},"fnMap":{"0":{"name":"(anonymous_0)","decl":{"start":{"line":10,"column":21},"end":{"line":10,"column":22}},"loc":{"start":{"line":10,"column":70},"end":{"line":16,"column":null}}}},"branchMap":{},"s":{"0":0},"f":{"0":0},"b":{}}
,"/Users/danielfredriksen/Desktop/vivo/packages/components/src/VivoFilterBar/elements/InputFilter.tsx": {"path":"/Users/danielfredriksen/Desktop/vivo/packages/components/src/VivoFilterBar/elements/InputFilter.tsx","statementMap":{"0":{"start":{"line":12,"column":20},"end":{"line":25,"column":null}},"1":{"start":{"line":21,"column":25},"end":{"line":21,"column":null}}},"fnMap":{"0":{"name":"(anonymous_0)","decl":{"start":{"line":12,"column":20},"end":{"line":12,"column":21}},"loc":{"start":{"line":12,"column":82},"end":{"line":25,"column":null}}},"1":{"name":"(anonymous_1)","decl":{"start":{"line":21,"column":18},"end":{"line":21,"column":19}},"loc":{"start":{"line":21,"column":25},"end":{"line":21,"column":null}}}},"branchMap":{"0":{"loc":{"start":{"line":12,"column":30},"end":{"line":12,"column":47}},"type":"default-arg","locations":[{"start":{"line":12,"column":45},"end":{"line":12,"column":47}}]}},"s":{"0":0,"1":0},"f":{"0":0,"1":0},"b":{"0":[0]}}
,"/Users/danielfredriksen/Desktop/vivo/packages/components/src/VivoFilterBar/elements/SelectFilter.tsx": {"path":"/Users/danielfredriksen/Desktop/vivo/packages/components/src/VivoFilterBar/elements/SelectFilter.tsx","statementMap":{"0":{"start":{"line":10,"column":21},"end":{"line":34,"column":null}},"1":{"start":{"line":19,"column":25},"end":{"line":19,"column":null}}},"fnMap":{"0":{"name":"(anonymous_0)","decl":{"start":{"line":10,"column":21},"end":{"line":10,"column":22}},"loc":{"start":{"line":10,"column":58},"end":{"line":34,"column":null}}},"1":{"name":"(anonymous_1)","decl":{"start":{"line":19,"column":18},"end":{"line":19,"column":19}},"loc":{"start":{"line":19,"column":25},"end":{"line":19,"column":null}}}},"branchMap":{},"s":{"0":0,"1":0},"f":{"0":0,"1":0},"b":{}}
,"/Users/danielfredriksen/Desktop/vivo/packages/components/src/VivoFilterBar/elements/VerticalRule.tsx": {"path":"/Users/danielfredriksen/Desktop/vivo/packages/components/src/VivoFilterBar/elements/VerticalRule.tsx","statementMap":{"0":{"start":{"line":4,"column":21},"end":{"line":6,"column":null}}},"fnMap":{"0":{"name":"(anonymous_0)","decl":{"start":{"line":4,"column":21},"end":{"line":4,"column":null}},"loc":{"start":{"line":4,"column":21},"end":{"line":6,"column":null}}}},"branchMap":{},"s":{"0":0},"f":{"0":0},"b":{}}
,"/Users/danielfredriksen/Desktop/vivo/packages/components/src/VivoLogTable/index.tsx": {"path":"/Users/danielfredriksen/Desktop/vivo/packages/components/src/VivoLogTable/index.tsx","statementMap":{"0":{"start":{"line":19,"column":21},"end":{"line":40,"column":null}},"1":{"start":{"line":20,"column":36},"end":{"line":24,"column":null}},"2":{"start":{"line":31,"column":20},"end":{"line":31,"column":null}},"3":{"start":{"line":32,"column":26},"end":{"line":32,"column":null}},"4":{"start":{"line":33,"column":21},"end":{"line":33,"column":null}},"5":{"start":{"line":34,"column":22},"end":{"line":34,"column":null}},"6":{"start":{"line":35,"column":8},"end":{"line":35,"column":35}}},"fnMap":{"0":{"name":"(anonymous_0)","decl":{"start":{"line":19,"column":21},"end":{"line":19,"column":22}},"loc":{"start":{"line":19,"column":55},"end":{"line":40,"column":null}}},"1":{"name":"(anonymous_1)","decl":{"start":{"line":30,"column":24},"end":{"line":30,"column":25}},"loc":{"start":{"line":30,"column":25},"end":{"line":36,"column":null}}}},"branchMap":{"0":{"loc":{"start":{"line":30,"column":7},"end":{"line":36,"column":null}},"type":"binary-expr","locations":[{"start":{"line":30,"column":7},"end":{"line":30,"column":15}},{"start":{"line":30,"column":15},"end":{"line":36,"column":null}}]},"1":{"loc":{"start":{"line":32,"column":26},"end":{"line":32,"column":null}},"type":"cond-expr","locations":[{"start":{"line":32,"column":44},"end":{"line":32,"column":81}},{"start":{"line":32,"column":81},"end":{"line":32,"column":null}}]},"2":{"loc":{"start":{"line":33,"column":21},"end":{"line":33,"column":null}},"type":"cond-expr","locations":[{"start":{"line":33,"column":39},"end":{"line":33,"column":74}},{"start":{"line":33,"column":74},"end":{"line":33,"column":null}}]},"3":{"loc":{"start":{"line":34,"column":22},"end":{"line":34,"column":null}},"type":"cond-expr","locations":[{"start":{"line":34,"column":40},"end":{"line":34,"column":72}},{"start":{"line":34,"column":72},"end":{"line":34,"column":null}}]}},"s":{"0":0,"1":0,"2":0,"3":0,"4":0,"5":0,"6":0},"f":{"0":0,"1":0},"b":{"0":[0,0],"1":[0,0],"2":[0,0],"3":[0,0]}}
,"/Users/danielfredriksen/Desktop/vivo/packages/components/src/VivoLogTable/constants/index.tsx": {"path":"/Users/danielfredriksen/Desktop/vivo/packages/components/src/VivoLogTable/constants/index.tsx","statementMap":{"0":{"start":{"line":5,"column":27},"end":{"line":11,"column":2}},"1":{"start":{"line":13,"column":29},"end":{"line":32,"column":2}},"2":{"start":{"line":34,"column":32},"end":{"line":36,"column":2}},"3":{"start":{"line":38,"column":35},"end":{"line":105,"column":2}},"4":{"start":{"line":107,"column":32},"end":{"line":126,"column":2}},"5":{"start":{"line":128,"column":35},"end":{"line":135,"column":2}},"6":{"start":{"line":137,"column":49},"end":{"line":168,"column":null}}},"fnMap":{},"branchMap":{},"s":{"0":0,"1":0,"2":0,"3":0,"4":0,"5":0,"6":0},"f":{},"b":{}}
,"/Users/danielfredriksen/Desktop/vivo/packages/components/src/VivoLogTable/elements/CodeBoxCM.tsx": {"path":"/Users/danielfredriksen/Desktop/vivo/packages/components/src/VivoLogTable/elements/CodeBoxCM.tsx","statementMap":{"0":{"start":{"line":28,"column":47},"end":{"line":28,"column":null}},"1":{"start":{"line":34,"column":30},"end":{"line":38,"column":null}},"2":{"start":{"line":40,"column":21},"end":{"line":40,"column":null}},"3":{"start":{"line":42,"column":2},"end":{"line":44,"column":null}},"4":{"start":{"line":43,"column":4},"end":{"line":43,"column":null}},"5":{"start":{"line":46,"column":2},"end":{"line":48,"column":null}},"6":{"start":{"line":47,"column":4},"end":{"line":47,"column":null}}},"fnMap":{"0":{"name":"CodeBoxCM","decl":{"start":{"line":26,"column":16},"end":{"line":26,"column":26}},"loc":{"start":{"line":26,"column":47},"end":{"line":57,"column":null}}}},"branchMap":{"0":{"loc":{"start":{"line":42,"column":2},"end":{"line":44,"column":null}},"type":"if","locations":[{"start":{"line":42,"column":2},"end":{"line":44,"column":null}}]},"1":{"loc":{"start":{"line":46,"column":2},"end":{"line":48,"column":null}},"type":"if","locations":[{"start":{"line":46,"column":2},"end":{"line":48,"column":null}}]}},"s":{"0":0,"1":0,"2":0,"3":0,"4":0,"5":0,"6":0},"f":{"0":0},"b":{"0":[0],"1":[0]}}
,"/Users/danielfredriksen/Desktop/vivo/packages/components/src/VivoLogTable/elements/Header.tsx": {"path":"/Users/danielfredriksen/Desktop/vivo/packages/components/src/VivoLogTable/elements/Header.tsx","statementMap":{"0":{"start":{"line":9,"column":15},"end":{"line":17,"column":null}},"1":{"start":{"line":13,"column":8},"end":{"line":13,"column":34}}},"fnMap":{"0":{"name":"(anonymous_0)","decl":{"start":{"line":9,"column":15},"end":{"line":9,"column":16}},"loc":{"start":{"line":9,"column":46},"end":{"line":17,"column":null}}},"1":{"name":"(anonymous_1)","decl":{"start":{"line":12,"column":20},"end":{"line":12,"column":21}},"loc":{"start":{"line":13,"column":8},"end":{"line":13,"column":34}}}},"branchMap":{"0":{"loc":{"start":{"line":9,"column":18},"end":{"line":9,"column":31}},"type":"default-arg","locations":[{"start":{"line":9,"column":29},"end":{"line":9,"column":31}}]}},"s":{"0":0,"1":0},"f":{"0":0,"1":0},"b":{"0":[0]}}
,"/Users/danielfredriksen/Desktop/vivo/packages/components/src/VivoLogTable/elements/LogEvent.tsx": {"path":"/Users/danielfredriksen/Desktop/vivo/packages/components/src/VivoLogTable/elements/LogEvent.tsx","statementMap":{"0":{"start":{"line":16,"column":24},"end":{"line":21,"column":null}},"1":{"start":{"line":17,"column":15},"end":{"line":17,"column":null}},"2":{"start":{"line":18,"column":21},"end":{"line":18,"column":null}},"3":{"start":{"line":19,"column":21},"end":{"line":19,"column":null}},"4":{"start":{"line":20,"column":2},"end":{"line":20,"column":null}},"5":{"start":{"line":24,"column":2},"end":{"line":24,"column":null}},"6":{"start":{"line":27,"column":17},"end":{"line":77,"column":null}},"7":{"start":{"line":29,"column":42},"end":{"line":29,"column":null}},"8":{"start":{"line":30,"column":24},"end":{"line":30,"column":null}},"9":{"start":{"line":30,"column":44},"end":{"line":30,"column":null}},"10":{"start":{"line":42,"column":31},"end":{"line":42,"column":null}},"11":{"start":{"line":53,"column":31},"end":{"line":53,"column":null}}},"fnMap":{"0":{"name":"(anonymous_0)","decl":{"start":{"line":16,"column":24},"end":{"line":16,"column":25}},"loc":{"start":{"line":16,"column":25},"end":{"line":21,"column":null}}},"1":{"name":"beautify","decl":{"start":{"line":23,"column":9},"end":{"line":23,"column":18}},"loc":{"start":{"line":23,"column":30},"end":{"line":25,"column":null}}},"2":{"name":"(anonymous_2)","decl":{"start":{"line":27,"column":17},"end":{"line":27,"column":18}},"loc":{"start":{"line":27,"column":90},"end":{"line":77,"column":null}}},"3":{"name":"(anonymous_3)","decl":{"start":{"line":30,"column":24},"end":{"line":30,"column":25}},"loc":{"start":{"line":30,"column":44},"end":{"line":30,"column":null}}},"4":{"name":"(anonymous_4)","decl":{"start":{"line":42,"column":25},"end":{"line":42,"column":31}},"loc":{"start":{"line":42,"column":31},"end":{"line":42,"column":null}}},"5":{"name":"(anonymous_5)","decl":{"start":{"line":53,"column":25},"end":{"line":53,"column":31}},"loc":{"start":{"line":53,"column":31},"end":{"line":53,"column":null}}}},"branchMap":{"0":{"loc":{"start":{"line":27,"column":31},"end":{"line":27,"column":40}},"type":"default-arg","locations":[{"start":{"line":27,"column":38},"end":{"line":27,"column":40}}]},"1":{"loc":{"start":{"line":27,"column":42},"end":{"line":27,"column":52}},"type":"default-arg","locations":[{"start":{"line":27,"column":50},"end":{"line":27,"column":52}}]},"2":{"loc":{"start":{"line":27,"column":54},"end":{"line":27,"column":67}},"type":"default-arg","locations":[{"start":{"line":27,"column":65},"end":{"line":27,"column":67}}]},"3":{"loc":{"start":{"line":30,"column":44},"end":{"line":30,"column":null}},"type":"cond-expr","locations":[{"start":{"line":30,"column":70},"end":{"line":30,"column":106}},{"start":{"line":30,"column":109},"end":{"line":30,"column":null}}]},"4":{"loc":{"start":{"line":35,"column":10},"end":{"line":48,"column":11}},"type":"cond-expr","locations":[{"start":{"line":35,"column":10},"end":{"line":48,"column":11}}]},"5":{"loc":{"start":{"line":36,"column":45},"end":{"line":36,"column":76}},"type":"cond-expr","locations":[{"start":{"line":36,"column":60},"end":{"line":36,"column":73}},{"start":{"line":36,"column":73},"end":{"line":36,"column":76}}]},"6":{"loc":{"start":{"line":36,"column":96},"end":{"line":36,"column":null}},"type":"binary-expr","locations":[{"start":{"line":36,"column":96},"end":{"line":36,"column":109}},{"start":{"line":36,"column":109},"end":{"line":36,"column":null}}]},"7":{"loc":{"start":{"line":37,"column":50},"end":{"line":37,"column":79}},"type":"cond-expr","locations":[{"start":{"line":37,"column":65},"end":{"line":37,"column":76}},{"start":{"line":37,"column":76},"end":{"line":37,"column":79}}]},"8":{"loc":{"start":{"line":38,"column":50},"end":{"line":38,"column":79}},"type":"cond-expr","locations":[{"start":{"line":38,"column":65},"end":{"line":38,"column":76}},{"start":{"line":38,"column":76},"end":{"line":38,"column":79}}]},"9":{"loc":{"start":{"line":39,"column":53},"end":{"line":39,"column":null}},"type":"cond-expr","locations":[{"start":{"line":39,"column":68},"end":{"line":39,"column":78}},{"start":{"line":39,"column":78},"end":{"line":39,"column":null}}]},"10":{"loc":{"start":{"line":41,"column":38},"end":{"line":41,"column":69}},"type":"cond-expr","locations":[{"start":{"line":41,"column":53},"end":{"line":41,"column":66}},{"start":{"line":41,"column":66},"end":{"line":41,"column":69}}]},"11":{"loc":{"start":{"line":49,"column":50},"end":{"line":49,"column":79}},"type":"cond-expr","locations":[{"start":{"line":49,"column":65},"end":{"line":49,"column":76}},{"start":{"line":49,"column":76},"end":{"line":49,"column":79}}]},"12":{"loc":{"start":{"line":50,"column":53},"end":{"line":50,"column":null}},"type":"cond-expr","locations":[{"start":{"line":50,"column":68},"end":{"line":50,"column":78}},{"start":{"line":50,"column":78},"end":{"line":50,"column":null}}]},"13":{"loc":{"start":{"line":52,"column":38},"end":{"line":52,"column":69}},"type":"cond-expr","locations":[{"start":{"line":52,"column":53},"end":{"line":52,"column":66}},{"start":{"line":52,"column":66},"end":{"line":52,"column":69}}]},"14":{"loc":{"start":{"line":61,"column":10},"end":{"line":68,"column":11}},"type":"cond-expr","locations":[{"start":{"line":61,"column":10},"end":{"line":68,"column":11}}]}},"s":{"0":0,"1":0,"2":0,"3":0,"4":0,"5":0,"6":0,"7":0,"8":0,"9":0,"10":0,"11":0},"f":{"0":0,"1":0,"2":0,"3":0,"4":0,"5":0},"b":{"0":[0],"1":[0],"2":[0],"3":[0,0],"4":[0],"5":[0,0],"6":[0,0],"7":[0,0],"8":[0,0],"9":[0,0],"10":[0,0],"11":[0,0],"12":[0,0],"13":[0,0],"14":[0]}}
,"/Users/danielfredriksen/Desktop/vivo/packages/components/src/VivoPage/index.tsx": {"path":"/Users/danielfredriksen/Desktop/vivo/packages/components/src/VivoPage/index.tsx","statementMap":{"0":{"start":{"line":28,"column":17},"end":{"line":74,"column":null}}},"fnMap":{"0":{"name":"(anonymous_0)","decl":{"start":{"line":28,"column":17},"end":{"line":28,"column":18}},"loc":{"start":{"line":44,"column":16},"end":{"line":74,"column":null}}}},"branchMap":{"0":{"loc":{"start":{"line":60,"column":12},"end":{"line":69,"column":null}},"type":"cond-expr","locations":[{"start":{"line":61,"column":12},"end":{"line":69,"column":null}},{"start":{"line":69,"column":11},"end":{"line":69,"column":null}}]}},"s":{"0":0},"f":{"0":0},"b":{"0":[0,0]}}
,"/Users/danielfredriksen/Desktop/vivo/packages/components/src/VivoPage/constants/index.tsx": {"path":"/Users/danielfredriksen/Desktop/vivo/packages/components/src/VivoPage/constants/index.tsx","statementMap":{"0":{"start":{"line":1,"column":27},"end":{"line":8,"column":2}},"1":{"start":{"line":10,"column":30},"end":{"line":14,"column":2}},"2":{"start":{"line":16,"column":29},"end":{"line":34,"column":1}}},"fnMap":{},"branchMap":{},"s":{"0":0,"1":0,"2":0},"f":{},"b":{}}
,"/Users/danielfredriksen/Desktop/vivo/packages/components/src/VivoPage/elements/Header.tsx": {"path":"/Users/danielfredriksen/Desktop/vivo/packages/components/src/VivoPage/elements/Header.tsx","statementMap":{"0":{"start":{"line":10,"column":15},"end":{"line":33,"column":null}},"1":{"start":{"line":14,"column":27},"end":{"line":18,"column":null}},"2":{"start":{"line":20,"column":28},"end":{"line":24,"column":null}}},"fnMap":{"0":{"name":"(anonymous_0)","decl":{"start":{"line":10,"column":15},"end":{"line":10,"column":16}},"loc":{"start":{"line":12,"column":14},"end":{"line":33,"column":null}}}},"branchMap":{"0":{"loc":{"start":{"line":11,"column":2},"end":{"line":11,"column":13}},"type":"default-arg","locations":[{"start":{"line":11,"column":7},"end":{"line":11,"column":13}}]}},"s":{"0":0,"1":0,"2":0},"f":{"0":0},"b":{"0":[0]}}
,"/Users/danielfredriksen/Desktop/vivo/packages/components/src/VivoPaginator/index.tsx": {"path":"/Users/danielfredriksen/Desktop/vivo/packages/components/src/VivoPaginator/index.tsx","statementMap":{"0":{"start":{"line":15,"column":22},"end":{"line":23,"column":null}}},"fnMap":{"0":{"name":"(anonymous_0)","decl":{"start":{"line":15,"column":22},"end":{"line":15,"column":23}},"loc":{"start":{"line":15,"column":127},"end":{"line":23,"column":null}}}},"branchMap":{},"s":{"0":0},"f":{"0":0},"b":{}}
,"/Users/danielfredriksen/Desktop/vivo/packages/components/src/VivoPaginator/constants/index.tsx": {"path":"/Users/danielfredriksen/Desktop/vivo/packages/components/src/VivoPaginator/constants/index.tsx","statementMap":{"0":{"start":{"line":1,"column":31},"end":{"line":31,"column":2}},"1":{"start":{"line":33,"column":39},"end":{"line":35,"column":2}}},"fnMap":{},"branchMap":{},"s":{"0":0,"1":0},"f":{},"b":{}}
,"/Users/danielfredriksen/Desktop/vivo/packages/components/src/VivoPaginator/elements/PageSelector.tsx": {"path":"/Users/danielfredriksen/Desktop/vivo/packages/components/src/VivoPaginator/elements/PageSelector.tsx","statementMap":{"0":{"start":{"line":12,"column":21},"end":{"line":22,"column":null}},"1":{"start":{"line":13,"column":25},"end":{"line":13,"column":null}},"2":{"start":{"line":14,"column":28},"end":{"line":14,"column":null}},"3":{"start":{"line":18,"column":77},"end":{"line":18,"column":null}},"4":{"start":{"line":19,"column":80},"end":{"line":19,"column":null}}},"fnMap":{"0":{"name":"(anonymous_0)","decl":{"start":{"line":12,"column":21},"end":{"line":12,"column":22}},"loc":{"start":{"line":12,"column":79},"end":{"line":22,"column":null}}},"1":{"name":"(anonymous_1)","decl":{"start":{"line":18,"column":71},"end":{"line":18,"column":77}},"loc":{"start":{"line":18,"column":77},"end":{"line":18,"column":null}}},"2":{"name":"(anonymous_2)","decl":{"start":{"line":19,"column":74},"end":{"line":19,"column":80}},"loc":{"start":{"line":19,"column":80},"end":{"line":19,"column":null}}}},"branchMap":{"0":{"loc":{"start":{"line":13,"column":25},"end":{"line":13,"column":null}},"type":"cond-expr","locations":[{"start":{"line":13,"column":37},"end":{"line":13,"column":50}},{"start":{"line":13,"column":50},"end":{"line":13,"column":null}}]},"1":{"loc":{"start":{"line":14,"column":28},"end":{"line":14,"column":null}},"type":"cond-expr","locations":[{"start":{"line":14,"column":71},"end":{"line":14,"column":84}},{"start":{"line":14,"column":84},"end":{"line":14,"column":null}}]}},"s":{"0":0,"1":0,"2":0,"3":0,"4":0},"f":{"0":0,"1":0,"2":0},"b":{"0":[0,0],"1":[0,0]}}
,"/Users/danielfredriksen/Desktop/vivo/packages/components/src/VivoPaginator/elements/RecordsDisplay.tsx": {"path":"/Users/danielfredriksen/Desktop/vivo/packages/components/src/VivoPaginator/elements/RecordsDisplay.tsx","statementMap":{"0":{"start":{"line":9,"column":23},"end":{"line":18,"column":null}},"1":{"start":{"line":10,"column":17},"end":{"line":10,"column":null}},"2":{"start":{"line":11,"column":2},"end":{"line":11,"column":null}}},"fnMap":{"0":{"name":"(anonymous_0)","decl":{"start":{"line":9,"column":23},"end":{"line":9,"column":24}},"loc":{"start":{"line":9,"column":65},"end":{"line":18,"column":null}}}},"branchMap":{"0":{"loc":{"start":{"line":11,"column":13},"end":{"line":11,"column":null}},"type":"cond-expr","locations":[{"start":{"line":11,"column":39},"end":{"line":11,"column":53}},{"start":{"line":11,"column":53},"end":{"line":11,"column":null}}]}},"s":{"0":0,"1":0,"2":0},"f":{"0":0},"b":{"0":[0,0]}}
,"/Users/danielfredriksen/Desktop/vivo/packages/components/src/VivoPaginator/elements/RecordsSelector.tsx": {"path":"/Users/danielfredriksen/Desktop/vivo/packages/components/src/VivoPaginator/elements/RecordsSelector.tsx","statementMap":{"0":{"start":{"line":10,"column":24},"end":{"line":23,"column":null}},"1":{"start":{"line":15,"column":95},"end":{"line":15,"column":139}}},"fnMap":{"0":{"name":"(anonymous_0)","decl":{"start":{"line":10,"column":24},"end":{"line":10,"column":25}},"loc":{"start":{"line":10,"column":75},"end":{"line":23,"column":null}}},"1":{"name":"(anonymous_1)","decl":{"start":{"line":15,"column":88},"end":{"line":15,"column":89}},"loc":{"start":{"line":15,"column":95},"end":{"line":15,"column":139}}}},"branchMap":{},"s":{"0":0,"1":0},"f":{"0":0,"1":0},"b":{}}
,"/Users/danielfredriksen/Desktop/vivo/packages/components/src/VivoSideBar/index.tsx": {"path":"/Users/danielfredriksen/Desktop/vivo/packages/components/src/VivoSideBar/index.tsx","statementMap":{"0":{"start":{"line":11,"column":20},"end":{"line":20,"column":null}}},"fnMap":{"0":{"name":"(anonymous_0)","decl":{"start":{"line":11,"column":20},"end":{"line":11,"column":21}},"loc":{"start":{"line":11,"column":91},"end":{"line":20,"column":null}}}},"branchMap":{},"s":{"0":0},"f":{"0":0},"b":{}}
,"/Users/danielfredriksen/Desktop/vivo/packages/components/src/VivoSideBar/constants/index.ts": {"path":"/Users/danielfredriksen/Desktop/vivo/packages/components/src/VivoSideBar/constants/index.ts","statementMap":{"0":{"start":{"line":1,"column":30},"end":{"line":3,"column":2}},"1":{"start":{"line":5,"column":31},"end":{"line":7,"column":2}},"2":{"start":{"line":9,"column":30},"end":{"line":14,"column":2}},"3":{"start":{"line":16,"column":34},"end":{"line":30,"column":2}},"4":{"start":{"line":32,"column":37},"end":{"line":40,"column":2}},"5":{"start":{"line":42,"column":26},"end":{"line":69,"column":2}},"6":{"start":{"line":71,"column":36},"end":{"line":114,"column":2}}},"fnMap":{},"branchMap":{},"s":{"0":0,"1":0,"2":0,"3":0,"4":0,"5":0,"6":0},"f":{},"b":{}}
,"/Users/danielfredriksen/Desktop/vivo/packages/components/src/VivoSideBar/elements/CalyptiaLogo.tsx": {"path":"/Users/danielfredriksen/Desktop/vivo/packages/components/src/VivoSideBar/elements/CalyptiaLogo.tsx","statementMap":{"0":{"start":{"line":11,"column":21},"end":{"line":25,"column":null}},"1":{"start":{"line":22,"column":75},"end":{"line":22,"column":112}}},"fnMap":{"0":{"name":"(anonymous_0)","decl":{"start":{"line":11,"column":21},"end":{"line":11,"column":22}},"loc":{"start":{"line":11,"column":57},"end":{"line":25,"column":null}}},"1":{"name":"(anonymous_1)","decl":{"start":{"line":22,"column":69},"end":{"line":22,"column":75}},"loc":{"start":{"line":22,"column":75},"end":{"line":22,"column":112}}}},"branchMap":{},"s":{"0":0,"1":0},"f":{"0":0,"1":0},"b":{}}
,"/Users/danielfredriksen/Desktop/vivo/packages/components/src/VivoSideBar/elements/HorizontalRule.tsx": {"path":"/Users/danielfredriksen/Desktop/vivo/packages/components/src/VivoSideBar/elements/HorizontalRule.tsx","statementMap":{"0":{"start":{"line":4,"column":23},"end":{"line":10,"column":null}}},"fnMap":{"0":{"name":"(anonymous_0)","decl":{"start":{"line":4,"column":23},"end":{"line":4,"column":null}},"loc":{"start":{"line":4,"column":23},"end":{"line":10,"column":null}}}},"branchMap":{},"s":{"0":0},"f":{"0":0},"b":{}}
,"/Users/danielfredriksen/Desktop/vivo/packages/components/src/VivoSideBar/elements/VivoLogo.tsx": {"path":"/Users/danielfredriksen/Desktop/vivo/packages/components/src/VivoSideBar/elements/VivoLogo.tsx","statementMap":{"0":{"start":{"line":6,"column":17},"end":{"line":15,"column":null}}},"fnMap":{"0":{"name":"(anonymous_0)","decl":{"start":{"line":6,"column":17},"end":{"line":6,"column":null}},"loc":{"start":{"line":6,"column":17},"end":{"line":15,"column":null}}}},"branchMap":{},"s":{"0":0},"f":{"0":0},"b":{}}
,"/Users/danielfredriksen/Desktop/vivo/packages/components/src/VivoSideBar/elements/VivoMenu.tsx": {"path":"/Users/danielfredriksen/Desktop/vivo/packages/components/src/VivoSideBar/elements/VivoMenu.tsx","statementMap":{"0":{"start":{"line":13,"column":17},"end":{"line":44,"column":null}},"1":{"start":{"line":18,"column":86},"end":{"line":18,"column":null}},"2":{"start":{"line":26,"column":89},"end":{"line":26,"column":null}},"3":{"start":{"line":34,"column":88},"end":{"line":34,"column":null}}},"fnMap":{"0":{"name":"(anonymous_0)","decl":{"start":{"line":13,"column":17},"end":{"line":13,"column":18}},"loc":{"start":{"line":13,"column":64},"end":{"line":44,"column":null}}},"1":{"name":"(anonymous_1)","decl":{"start":{"line":18,"column":80},"end":{"line":18,"column":86}},"loc":{"start":{"line":18,"column":86},"end":{"line":18,"column":null}}},"2":{"name":"(anonymous_2)","decl":{"start":{"line":26,"column":83},"end":{"line":26,"column":89}},"loc":{"start":{"line":26,"column":89},"end":{"line":26,"column":null}}},"3":{"name":"(anonymous_3)","decl":{"start":{"line":34,"column":82},"end":{"line":34,"column":88}},"loc":{"start":{"line":34,"column":88},"end":{"line":34,"column":null}}}},"branchMap":{"0":{"loc":{"start":{"line":13,"column":34},"end":{"line":13,"column":47}},"type":"default-arg","locations":[{"start":{"line":13,"column":41},"end":{"line":13,"column":47}}]},"1":{"loc":{"start":{"line":18,"column":37},"end":{"line":18,"column":71}},"type":"cond-expr","locations":[{"start":{"line":18,"column":56},"end":{"line":18,"column":67}},{"start":{"line":18,"column":67},"end":{"line":18,"column":71}}]},"2":{"loc":{"start":{"line":26,"column":37},"end":{"line":26,"column":74}},"type":"cond-expr","locations":[{"start":{"line":26,"column":59},"end":{"line":26,"column":70}},{"start":{"line":26,"column":70},"end":{"line":26,"column":74}}]},"3":{"loc":{"start":{"line":34,"column":37},"end":{"line":34,"column":73}},"type":"cond-expr","locations":[{"start":{"line":34,"column":58},"end":{"line":34,"column":69}},{"start":{"line":34,"column":69},"end":{"line":34,"column":73}}]}},"s":{"0":0,"1":0,"2":0,"3":0},"f":{"0":0,"1":0,"2":0,"3":0},"b":{"0":[0],"1":[0,0],"2":[0,0],"3":[0,0]}}
,"/Users/danielfredriksen/Desktop/vivo/packages/components/src/utils/index.tsx": {"path":"/Users/danielfredriksen/Desktop/vivo/packages/components/src/utils/index.tsx","statementMap":{"0":{"start":{"line":1,"column":38},"end":{"line":3,"column":2}},"1":{"start":{"line":2,"column":4},"end":{"line":2,"column":null}}},"fnMap":{"0":{"name":"(anonymous_0)","decl":{"start":{"line":1,"column":38},"end":{"line":1,"column":39}},"loc":{"start":{"line":1,"column":39},"end":{"line":3,"column":2}}}},"branchMap":{"0":{"loc":{"start":{"line":2,"column":11},"end":{"line":2,"column":52}},"type":"cond-expr","locations":[{"start":{"line":2,"column":37},"end":{"line":2,"column":44}},{"start":{"line":2,"column":44},"end":{"line":2,"column":52}}]}},"s":{"0":0,"1":0},"f":{"0":0},"b":{"0":[0,0]}}
}
